<?xml version="1.0" encoding="UTF-8"?>
<testng-results ignored="0" total="1" passed="1" failed="0" skipped="0">
  <reporter-output>
  </reporter-output>
  <suite started-at="2024-08-17T11:04:31 IST" name="Default suite" finished-at="2024-08-17T11:05:15 IST" duration-ms="43651">
    <groups>
    </groups>
    <test started-at="2024-08-17T11:04:31 IST" name="Default test" finished-at="2024-08-17T11:05:15 IST" duration-ms="43651">
      <class name="com.mvn.MUICalc">
        <test-method signature="opencalc()[pri:0, instance:com.mvn.MUICalc@1165b38]" started-at="2024-08-17T11:04:31 IST" name="opencalc" finished-at="2024-08-17T11:05:15 IST" duration-ms="43622" status="PASS">
          <reporter-output>
          </reporter-output>
        </test-method> <!-- opencalc -->
      </class> <!-- com.mvn.MUICalc -->
    </test> <!-- Default test -->
  </suite> <!-- Default suite -->
</testng-results>
