<?xml version="1.0" encoding="UTF-8"?>
<testng-results ignored="0" total="1" passed="1" failed="0" skipped="0">
  <reporter-output>
  </reporter-output>
  <suite started-at="2023-12-16T15:49:41 IST" name="Default suite" finished-at="2023-12-16T15:50:33 IST" duration-ms="51212">
    <groups>
    </groups>
    <test started-at="2023-12-16T15:49:41 IST" name="Default test" finished-at="2023-12-16T15:50:33 IST" duration-ms="51212">
      <class name="com.Mvm.Q4_ApiDemoSwipeAction">
        <test-method is-config="true" signature="tst()[pri:0, instance:com.Mvm.Q4_ApiDemoSwipeAction@1e6a3214]" started-at="2023-12-16T15:49:41 IST" name="tst" finished-at="2023-12-16T15:49:56 IST" duration-ms="14351" status="PASS">
          <reporter-output>
          </reporter-output>
        </test-method> <!-- tst -->
        <test-method signature="functions()[pri:0, instance:com.Mvm.Q4_ApiDemoSwipeAction@1e6a3214]" started-at="2023-12-16T15:49:56 IST" name="functions" finished-at="2023-12-16T15:50:12 IST" duration-ms="15894" status="PASS">
          <reporter-output>
          </reporter-output>
        </test-method> <!-- functions -->
        <test-method is-config="true" signature="ClosingTst()[pri:0, instance:com.Mvm.Q4_ApiDemoSwipeAction@1e6a3214]" started-at="2023-12-16T15:50:12 IST" name="ClosingTst" finished-at="2023-12-16T15:50:33 IST" duration-ms="20898" status="PASS">
          <reporter-output>
          </reporter-output>
        </test-method> <!-- ClosingTst -->
      </class> <!-- com.Mvm.Q4_ApiDemoSwipeAction -->
    </test> <!-- Default test -->
  </suite> <!-- Default suite -->
</testng-results>
