<?xml version="1.0" encoding="UTF-8"?>
<testng-results ignored="0" total="1" passed="1" failed="0" skipped="0">
  <reporter-output>
  </reporter-output>
  <suite started-at="2024-07-11T11:13:28 IST" name="Default suite" finished-at="2024-07-11T11:14:24 IST" duration-ms="55818">
    <groups>
    </groups>
    <test started-at="2024-07-11T11:13:28 IST" name="Default test" finished-at="2024-07-11T11:14:24 IST" duration-ms="55818">
      <class name="com.mvn.DataDrivenFramwork">
        <test-method signature="test()[pri:0, instance:com.mvn.DataDrivenFramwork@22ff4249]" started-at="2024-07-11T11:13:28 IST" name="test" finished-at="2024-07-11T11:14:24 IST" duration-ms="55718" status="PASS">
          <reporter-output>
          </reporter-output>
        </test-method> <!-- test -->
      </class> <!-- com.mvn.DataDrivenFramwork -->
    </test> <!-- Default test -->
  </suite> <!-- Default suite -->
</testng-results>
